<?xml version="1.0" encoding="UTF-8"?>
<!-- Generated by org.testng.reporters.JUnitXMLReporter -->
<testsuite hostname="DESKTOP-IPOGJPS" name="Test" tests="4" failures="0" timestamp="21 Apr 2019 15:42:13 GMT" time="231.551" errors="0">
  <testcase name="SigninTrending" time="8.221" classname="org.testing.TestCases.TC1"/>
  <testcase name="SigninSubscription" time="2.023" classname="org.testing.TestCases.TC2"/>
  <testcase name="SigninVideoLike" time="1.214" classname="org.testing.TestCases.TC3"/>
  <testcase name="SigninVideoSubscribe" time="1.224" classname="org.testing.TestCases.TC4"/>
</testsuite> <!-- Test -->
