<?xml version="1.0" encoding="UTF-8"?>
<!-- Generated by org.testng.reporters.JUnitXMLReporter -->
<testsuite hostname="DESKTOP-IPOGJPS" name="Test" tests="4" failures="0" timestamp="23 Apr 2019 17:14:43 GMT" time="369.572" errors="0">
  <testcase name="SigninTrending" time="23.886" classname="org.testing.TestCases.TC1"/>
  <testcase name="SigninSubscription" time="22.831" classname="org.testing.TestCases.TC2"/>
  <testcase name="SigninVideoLike" time="31.449" classname="org.testing.TestCases.TC3"/>
  <testcase name="SigninVideoSubscribe" time="32.049" classname="org.testing.TestCases.TC4"/>
</testsuite> <!-- Test -->
